app/build/intermediates/manifest_merge_blame_file/debug/manifest-merger-blame-debug-report.txt
1<?xml version="1.0" encoding="utf-8"?>
2<manifest xmlns:android="http://schemas.android.com/apk/res/android"
3    package="com.example.barbershopmanagementapp"
4    android:versionCode="1"
5    android:versionName="1.0" >
6
7    <uses-sdk
8        android:minSdkVersion="26"
8-->src/main/AndroidManifest.xml
9        android:targetSdkVersion="33" />
9-->src/main/AndroidManifest.xml
10
11    <uses-permission android:name="android.permission.INTERNET" />
11-->src/main/AndroidManifest.xml:5:5-67
11-->src/main/AndroidManifest.xml:5:22-64
12    <!-- Although the *SdkVersion is captured in gradle build files, this is required for non gradle builds -->
13    <!-- <uses-sdk android:minSdkVersion="14" /> -->
14    <uses-permission android:name="android.permission.ACCESS_NETWORK_STATE" /> <!-- Required by older versions of Google Play services to create GCM registration tokens -->
14-->[com.google.firebase:firebase-firestore:24.4.5] AndroidManifest.xml:12:5-79
14-->[com.google.firebase:firebase-firestore:24.4.5] AndroidManifest.xml:12:22-76
15    <uses-permission android:name="com.google.android.c2dm.permission.RECEIVE" />
15-->[com.google.android.gms:play-services-gcm:17.0.0] AndroidManifest.xml:23:5-82
15-->[com.google.android.gms:play-services-gcm:17.0.0] AndroidManifest.xml:23:22-79
16    <uses-permission android:name="android.permission.WAKE_LOCK" />
16-->[com.google.android.gms:play-services-measurement-api:21.2.1] AndroidManifest.xml:24:5-68
16-->[com.google.android.gms:play-services-measurement-api:21.2.1] AndroidManifest.xml:24:22-65
17    <uses-permission android:name="com.google.android.gms.permission.AD_ID" />
17-->[com.google.android.gms:play-services-measurement-api:21.2.1] AndroidManifest.xml:25:5-79
17-->[com.google.android.gms:play-services-measurement-api:21.2.1] AndroidManifest.xml:25:22-76
18    <uses-permission android:name="com.google.android.finsky.permission.BIND_GET_INSTALL_REFERRER_SERVICE" />
18-->[com.google.android.gms:play-services-measurement:21.2.1] AndroidManifest.xml:26:5-110
18-->[com.google.android.gms:play-services-measurement:21.2.1] AndroidManifest.xml:26:22-107
19
20    <permission
20-->[androidx.core:core:1.9.0] AndroidManifest.xml:22:5-24:47
21        android:name="com.example.barbershopmanagementapp.DYNAMIC_RECEIVER_NOT_EXPORTED_PERMISSION"
21-->[androidx.core:core:1.9.0] AndroidManifest.xml:23:9-81
22        android:protectionLevel="signature" />
22-->[androidx.core:core:1.9.0] AndroidManifest.xml:24:9-44
23
24    <uses-permission android:name="com.example.barbershopmanagementapp.DYNAMIC_RECEIVER_NOT_EXPORTED_PERMISSION" />
24-->[androidx.core:core:1.9.0] AndroidManifest.xml:26:5-97
24-->[androidx.core:core:1.9.0] AndroidManifest.xml:26:22-94
25
26    <application
26-->src/main/AndroidManifest.xml:7:5-90:19
27        android:allowBackup="true"
27-->src/main/AndroidManifest.xml:8:9-35
28        android:appComponentFactory="androidx.core.app.CoreComponentFactory"
28-->[androidx.core:core:1.9.0] AndroidManifest.xml:28:18-86
29        android:dataExtractionRules="@xml/data_extraction_rules"
29-->src/main/AndroidManifest.xml:9:9-65
30        android:debuggable="true"
31        android:extractNativeLibs="false"
32        android:fullBackupContent="@xml/backup_rules"
32-->src/main/AndroidManifest.xml:10:9-54
33        android:icon="@mipmap/ic_launcher"
33-->src/main/AndroidManifest.xml:11:9-43
34        android:label="@string/app_name"
34-->src/main/AndroidManifest.xml:12:9-41
35        android:roundIcon="@mipmap/ic_launcher_round"
35-->src/main/AndroidManifest.xml:13:9-54
36        android:supportsRtl="true"
36-->src/main/AndroidManifest.xml:14:9-35
37        android:testOnly="true"
38        android:theme="@style/Theme.AppCompat.Light.NoActionBar" >
38-->src/main/AndroidManifest.xml:15:9-65
39        <activity
39-->src/main/AndroidManifest.xml:17:9-24:20
40            android:name="com.example.barbershopmanagementapp.Login"
40-->src/main/AndroidManifest.xml:18:13-34
41            android:exported="true" >
41-->src/main/AndroidManifest.xml:19:13-36
42            <intent-filter>
42-->src/main/AndroidManifest.xml:20:13-23:29
43                <action android:name="android.intent.action.MAIN" />
43-->src/main/AndroidManifest.xml:21:17-69
43-->src/main/AndroidManifest.xml:21:25-66
44
45                <category android:name="android.intent.category.LAUNCHER" />
45-->src/main/AndroidManifest.xml:22:17-77
45-->src/main/AndroidManifest.xml:22:27-74
46            </intent-filter>
47        </activity>
48        <activity
48-->src/main/AndroidManifest.xml:25:9-27:40
49            android:name="com.example.barbershopmanagementapp.BarberActivity"
49-->src/main/AndroidManifest.xml:26:13-43
50            android:exported="false" />
50-->src/main/AndroidManifest.xml:27:13-37
51        <activity
51-->src/main/AndroidManifest.xml:28:9-30:39
52            android:name="com.example.barbershopmanagementapp.Hairstyles.HairstyleActivity"
52-->src/main/AndroidManifest.xml:29:13-57
53            android:exported="true" />
53-->src/main/AndroidManifest.xml:30:13-36
54        <activity
54-->src/main/AndroidManifest.xml:31:9-33:39
55            android:name="com.example.barbershopmanagementapp.Ownerdashboard"
55-->src/main/AndroidManifest.xml:32:13-43
56            android:exported="true" />
56-->src/main/AndroidManifest.xml:33:13-36
57        <activity
57-->src/main/AndroidManifest.xml:35:9-41:20
58            android:name="com.example.barbershopmanagementapp.fragment_edit_customer"
58-->src/main/AndroidManifest.xml:36:13-51
59            android:exported="false" >
59-->src/main/AndroidManifest.xml:37:13-37
60            <meta-data
60-->src/main/AndroidManifest.xml:38:13-40:36
61                android:name="android.app.lib_name"
61-->src/main/AndroidManifest.xml:39:17-52
62                android:value="" />
62-->src/main/AndroidManifest.xml:40:17-33
63        </activity>
64        <activity
64-->src/main/AndroidManifest.xml:43:9-49:20
65            android:name="com.example.barbershopmanagementapp.appointment_item"
65-->src/main/AndroidManifest.xml:44:13-45
66            android:exported="false" >
66-->src/main/AndroidManifest.xml:45:13-37
67            <meta-data
67-->src/main/AndroidManifest.xml:38:13-40:36
68                android:name="android.app.lib_name"
68-->src/main/AndroidManifest.xml:39:17-52
69                android:value="" />
69-->src/main/AndroidManifest.xml:40:17-33
70        </activity>
71        <activity
71-->src/main/AndroidManifest.xml:50:9-56:20
72            android:name="com.example.barbershopmanagementapp.Appointments"
72-->src/main/AndroidManifest.xml:51:13-41
73            android:exported="false" >
73-->src/main/AndroidManifest.xml:52:13-37
74            <meta-data
74-->src/main/AndroidManifest.xml:38:13-40:36
75                android:name="android.app.lib_name"
75-->src/main/AndroidManifest.xml:39:17-52
76                android:value="" />
76-->src/main/AndroidManifest.xml:40:17-33
77        </activity>
78        <activity
78-->src/main/AndroidManifest.xml:57:9-63:20
79            android:name="com.example.barbershopmanagementapp.MainActivity"
79-->src/main/AndroidManifest.xml:58:13-41
80            android:exported="false" >
80-->src/main/AndroidManifest.xml:59:13-37
81            <intent-filter>
81-->src/main/AndroidManifest.xml:60:13-62:29
82                <action android:name="android.intent.action.MAIN" />
82-->src/main/AndroidManifest.xml:21:17-69
82-->src/main/AndroidManifest.xml:21:25-66
83            </intent-filter>
84        </activity>
85        <activity
85-->src/main/AndroidManifest.xml:64:9-71:20
86            android:name="com.example.barbershopmanagementapp.BookAppointmentActivity"
86-->src/main/AndroidManifest.xml:65:13-52
87            android:exported="true" >
87-->src/main/AndroidManifest.xml:66:13-36
88            <intent-filter>
88-->src/main/AndroidManifest.xml:67:13-70:29
89                <action android:name="android.intent.action.BOOK_APPOINTMENT" />
89-->src/main/AndroidManifest.xml:68:17-81
89-->src/main/AndroidManifest.xml:68:25-78
90
91                <category android:name="android.intent.category.DEFAULT" />
91-->src/main/AndroidManifest.xml:69:17-76
91-->src/main/AndroidManifest.xml:69:27-73
92            </intent-filter>
93        </activity>
94        <activity
94-->src/main/AndroidManifest.xml:72:9-79:20
95            android:name="com.example.barbershopmanagementapp.PaymentActivity"
95-->src/main/AndroidManifest.xml:73:13-44
96            android:exported="true" >
96-->src/main/AndroidManifest.xml:74:13-36
97            <intent-filter>
97-->src/main/AndroidManifest.xml:67:13-70:29
98                <action android:name="android.intent.action.BOOK_APPOINTMENT" />
98-->src/main/AndroidManifest.xml:68:17-81
98-->src/main/AndroidManifest.xml:68:25-78
99
100                <category android:name="android.intent.category.DEFAULT" />
100-->src/main/AndroidManifest.xml:69:17-76
100-->src/main/AndroidManifest.xml:69:27-73
101            </intent-filter>
102        </activity>
103        <activity
103-->src/main/AndroidManifest.xml:80:9-83:39
104            android:name="com.example.barbershopmanagementapp.Reviews"
104-->src/main/AndroidManifest.xml:81:13-36
105            android:exported="true"
105-->src/main/AndroidManifest.xml:83:13-36
106            android:parentActivityName="com.example.barbershopmanagementapp.BarberActivity" />
106-->src/main/AndroidManifest.xml:82:13-57
107        <activity
107-->src/main/AndroidManifest.xml:84:9-86:40
108            android:name="com.example.barbershopmanagementapp.Register"
108-->src/main/AndroidManifest.xml:85:13-37
109            android:exported="false" />
109-->src/main/AndroidManifest.xml:86:13-37
110        <activity
110-->src/main/AndroidManifest.xml:87:9-89:40
111            android:name="com.example.barbershopmanagementapp.AddReview"
111-->src/main/AndroidManifest.xml:88:13-38
112            android:exported="false" />
112-->src/main/AndroidManifest.xml:89:13-37
113
114        <service
114-->[com.google.firebase:firebase-firestore:24.4.5] AndroidManifest.xml:16:9-22:19
115            android:name="com.google.firebase.components.ComponentDiscoveryService"
115-->[com.google.firebase:firebase-firestore:24.4.5] AndroidManifest.xml:17:13-84
116            android:directBootAware="true"
116-->[com.google.firebase:firebase-common:20.3.2] AndroidManifest.xml:34:13-43
117            android:exported="false" >
117-->[com.google.firebase:firebase-firestore:24.4.5] AndroidManifest.xml:18:13-37
118            <meta-data
118-->[com.google.firebase:firebase-firestore:24.4.5] AndroidManifest.xml:19:13-21:85
119                android:name="com.google.firebase.components:com.google.firebase.firestore.FirestoreRegistrar"
119-->[com.google.firebase:firebase-firestore:24.4.5] AndroidManifest.xml:20:17-111
120                android:value="com.google.firebase.components.ComponentRegistrar" />
120-->[com.google.firebase:firebase-firestore:24.4.5] AndroidManifest.xml:21:17-82
121            <meta-data
121-->[com.google.firebase:firebase-storage:20.1.0] AndroidManifest.xml:32:13-34:85
122                android:name="com.google.firebase.components:com.google.firebase.storage.StorageRegistrar"
122-->[com.google.firebase:firebase-storage:20.1.0] AndroidManifest.xml:33:17-107
123                android:value="com.google.firebase.components.ComponentRegistrar" />
123-->[com.google.firebase:firebase-storage:20.1.0] AndroidManifest.xml:34:17-82
124            <meta-data
124-->[com.google.firebase:firebase-database:20.2.0] AndroidManifest.xml:31:13-33:85
125                android:name="com.google.firebase.components:com.google.firebase.database.DatabaseRegistrar"
125-->[com.google.firebase:firebase-database:20.2.0] AndroidManifest.xml:32:17-109
126                android:value="com.google.firebase.components.ComponentRegistrar" />
126-->[com.google.firebase:firebase-database:20.2.0] AndroidManifest.xml:33:17-82
127            <meta-data
127-->[com.google.firebase:firebase-auth-ktx:21.3.0] AndroidManifest.xml:11:13-13:85
128                android:name="com.google.firebase.components:com.google.firebase.auth.ktx.FirebaseAuthKtxRegistrar"
128-->[com.google.firebase:firebase-auth-ktx:21.3.0] AndroidManifest.xml:12:17-116
129                android:value="com.google.firebase.components.ComponentRegistrar" />
129-->[com.google.firebase:firebase-auth-ktx:21.3.0] AndroidManifest.xml:13:17-82
130            <meta-data
130-->[com.google.firebase:firebase-auth:21.3.0] AndroidManifest.xml:69:13-71:85
131                android:name="com.google.firebase.components:com.google.firebase.auth.FirebaseAuthRegistrar"
131-->[com.google.firebase:firebase-auth:21.3.0] AndroidManifest.xml:70:17-109
132                android:value="com.google.firebase.components.ComponentRegistrar" />
132-->[com.google.firebase:firebase-auth:21.3.0] AndroidManifest.xml:71:17-82
133            <meta-data
133-->[com.google.firebase:firebase-common-ktx:20.3.2] AndroidManifest.xml:14:13-16:85
134                android:name="com.google.firebase.components:com.google.firebase.ktx.FirebaseCommonKtxRegistrar"
134-->[com.google.firebase:firebase-common-ktx:20.3.2] AndroidManifest.xml:15:17-113
135                android:value="com.google.firebase.components.ComponentRegistrar" />
135-->[com.google.firebase:firebase-common-ktx:20.3.2] AndroidManifest.xml:16:17-82
136            <meta-data
136-->[com.google.android.gms:play-services-measurement-api:21.2.1] AndroidManifest.xml:31:13-33:85
137                android:name="com.google.firebase.components:com.google.firebase.analytics.connector.internal.AnalyticsConnectorRegistrar"
137-->[com.google.android.gms:play-services-measurement-api:21.2.1] AndroidManifest.xml:32:17-139
138                android:value="com.google.firebase.components.ComponentRegistrar" />
138-->[com.google.android.gms:play-services-measurement-api:21.2.1] AndroidManifest.xml:33:17-82
139            <meta-data
139-->[com.google.firebase:firebase-installations:17.1.3] AndroidManifest.xml:17:13-19:85
140                android:name="com.google.firebase.components:com.google.firebase.installations.FirebaseInstallationsRegistrar"
140-->[com.google.firebase:firebase-installations:17.1.3] AndroidManifest.xml:18:17-127
141                android:value="com.google.firebase.components.ComponentRegistrar" />
141-->[com.google.firebase:firebase-installations:17.1.3] AndroidManifest.xml:19:17-82
142        </service>
143
144        <activity
144-->[com.google.firebase:firebase-auth:21.3.0] AndroidManifest.xml:29:9-46:20
145            android:name="com.google.firebase.auth.internal.GenericIdpActivity"
145-->[com.google.firebase:firebase-auth:21.3.0] AndroidManifest.xml:30:13-80
146            android:excludeFromRecents="true"
146-->[com.google.firebase:firebase-auth:21.3.0] AndroidManifest.xml:31:13-46
147            android:exported="true"
147-->[com.google.firebase:firebase-auth:21.3.0] AndroidManifest.xml:32:13-36
148            android:launchMode="singleTask"
148-->[com.google.firebase:firebase-auth:21.3.0] AndroidManifest.xml:33:13-44
149            android:theme="@android:style/Theme.Translucent.NoTitleBar" >
149-->[com.google.firebase:firebase-auth:21.3.0] AndroidManifest.xml:34:13-72
150            <intent-filter>
150-->[com.google.firebase:firebase-auth:21.3.0] AndroidManifest.xml:35:13-45:29
151                <action android:name="android.intent.action.VIEW" />
151-->[com.google.firebase:firebase-auth:21.3.0] AndroidManifest.xml:36:17-69
151-->[com.google.firebase:firebase-auth:21.3.0] AndroidManifest.xml:36:25-66
152
153                <category android:name="android.intent.category.DEFAULT" />
153-->src/main/AndroidManifest.xml:69:17-76
153-->src/main/AndroidManifest.xml:69:27-73
154                <category android:name="android.intent.category.BROWSABLE" />
154-->[com.google.firebase:firebase-auth:21.3.0] AndroidManifest.xml:39:17-78
154-->[com.google.firebase:firebase-auth:21.3.0] AndroidManifest.xml:39:27-75
155
156                <data
156-->[com.google.firebase:firebase-auth:21.3.0] AndroidManifest.xml:41:17-44:51
157                    android:host="firebase.auth"
157-->[com.google.firebase:firebase-auth:21.3.0] AndroidManifest.xml:42:21-49
158                    android:path="/"
158-->[com.google.firebase:firebase-auth:21.3.0] AndroidManifest.xml:43:21-37
159                    android:scheme="genericidp" />
159-->[com.google.firebase:firebase-auth:21.3.0] AndroidManifest.xml:44:21-48
160            </intent-filter>
161        </activity>
162        <activity
162-->[com.google.firebase:firebase-auth:21.3.0] AndroidManifest.xml:47:9-64:20
163            android:name="com.google.firebase.auth.internal.RecaptchaActivity"
163-->[com.google.firebase:firebase-auth:21.3.0] AndroidManifest.xml:48:13-79
164            android:excludeFromRecents="true"
164-->[com.google.firebase:firebase-auth:21.3.0] AndroidManifest.xml:49:13-46
165            android:exported="true"
165-->[com.google.firebase:firebase-auth:21.3.0] AndroidManifest.xml:50:13-36
166            android:launchMode="singleTask"
166-->[com.google.firebase:firebase-auth:21.3.0] AndroidManifest.xml:51:13-44
167            android:theme="@android:style/Theme.Translucent.NoTitleBar" >
167-->[com.google.firebase:firebase-auth:21.3.0] AndroidManifest.xml:52:13-72
168            <intent-filter>
168-->[com.google.firebase:firebase-auth:21.3.0] AndroidManifest.xml:53:13-63:29
169                <action android:name="android.intent.action.VIEW" />
169-->[com.google.firebase:firebase-auth:21.3.0] AndroidManifest.xml:36:17-69
169-->[com.google.firebase:firebase-auth:21.3.0] AndroidManifest.xml:36:25-66
170
171                <category android:name="android.intent.category.DEFAULT" />
171-->src/main/AndroidManifest.xml:69:17-76
171-->src/main/AndroidManifest.xml:69:27-73
172                <category android:name="android.intent.category.BROWSABLE" />
172-->[com.google.firebase:firebase-auth:21.3.0] AndroidManifest.xml:39:17-78
172-->[com.google.firebase:firebase-auth:21.3.0] AndroidManifest.xml:39:27-75
173
174                <data
174-->[com.google.firebase:firebase-auth:21.3.0] AndroidManifest.xml:41:17-44:51
175                    android:host="firebase.auth"
175-->[com.google.firebase:firebase-auth:21.3.0] AndroidManifest.xml:42:21-49
176                    android:path="/"
176-->[com.google.firebase:firebase-auth:21.3.0] AndroidManifest.xml:43:21-37
177                    android:scheme="recaptcha" />
177-->[com.google.firebase:firebase-auth:21.3.0] AndroidManifest.xml:44:21-48
178            </intent-filter>
179        </activity>
180
181        <provider
181-->[com.google.firebase:firebase-common:20.3.2] AndroidManifest.xml:25:9-30:39
182            android:name="com.google.firebase.provider.FirebaseInitProvider"
182-->[com.google.firebase:firebase-common:20.3.2] AndroidManifest.xml:26:13-77
183            android:authorities="com.example.barbershopmanagementapp.firebaseinitprovider"
183-->[com.google.firebase:firebase-common:20.3.2] AndroidManifest.xml:27:13-72
184            android:directBootAware="true"
184-->[com.google.firebase:firebase-common:20.3.2] AndroidManifest.xml:28:13-43
185            android:exported="false"
185-->[com.google.firebase:firebase-common:20.3.2] AndroidManifest.xml:29:13-37
186            android:initOrder="100" />
186-->[com.google.firebase:firebase-common:20.3.2] AndroidManifest.xml:30:13-36
187
188        <activity
188-->[com.google.android.gms:play-services-base:18.1.0] AndroidManifest.xml:20:9-22:45
189            android:name="com.google.android.gms.common.api.GoogleApiActivity"
189-->[com.google.android.gms:play-services-base:18.1.0] AndroidManifest.xml:20:19-85
190            android:exported="false"
190-->[com.google.android.gms:play-services-base:18.1.0] AndroidManifest.xml:22:19-43
191            android:theme="@android:style/Theme.Translucent.NoTitleBar" />
191-->[com.google.android.gms:play-services-base:18.1.0] AndroidManifest.xml:21:19-78
192
193        <receiver
193-->[com.google.android.gms:play-services-measurement:21.2.1] AndroidManifest.xml:29:9-33:20
194            android:name="com.google.android.gms.measurement.AppMeasurementReceiver"
194-->[com.google.android.gms:play-services-measurement:21.2.1] AndroidManifest.xml:30:13-85
195            android:enabled="true"
195-->[com.google.android.gms:play-services-measurement:21.2.1] AndroidManifest.xml:31:13-35
196            android:exported="false" >
196-->[com.google.android.gms:play-services-measurement:21.2.1] AndroidManifest.xml:32:13-37
197        </receiver>
198
199        <service
199-->[com.google.android.gms:play-services-measurement:21.2.1] AndroidManifest.xml:35:9-38:40
200            android:name="com.google.android.gms.measurement.AppMeasurementService"
200-->[com.google.android.gms:play-services-measurement:21.2.1] AndroidManifest.xml:36:13-84
201            android:enabled="true"
201-->[com.google.android.gms:play-services-measurement:21.2.1] AndroidManifest.xml:37:13-35
202            android:exported="false" />
202-->[com.google.android.gms:play-services-measurement:21.2.1] AndroidManifest.xml:38:13-37
203        <service
203-->[com.google.android.gms:play-services-measurement:21.2.1] AndroidManifest.xml:39:9-43:72
204            android:name="com.google.android.gms.measurement.AppMeasurementJobService"
204-->[com.google.android.gms:play-services-measurement:21.2.1] AndroidManifest.xml:40:13-87
205            android:enabled="true"
205-->[com.google.android.gms:play-services-measurement:21.2.1] AndroidManifest.xml:41:13-35
206            android:exported="false"
206-->[com.google.android.gms:play-services-measurement:21.2.1] AndroidManifest.xml:42:13-37
207            android:permission="android.permission.BIND_JOB_SERVICE" />
207-->[com.google.android.gms:play-services-measurement:21.2.1] AndroidManifest.xml:43:13-69
208
209        <uses-library
209-->[androidx.window:window:1.0.0] AndroidManifest.xml:25:9-27:40
210            android:name="androidx.window.extensions"
210-->[androidx.window:window:1.0.0] AndroidManifest.xml:26:13-54
211            android:required="false" />
211-->[androidx.window:window:1.0.0] AndroidManifest.xml:27:13-37
212        <uses-library
212-->[androidx.window:window:1.0.0] AndroidManifest.xml:28:9-30:40
213            android:name="androidx.window.sidecar"
213-->[androidx.window:window:1.0.0] AndroidManifest.xml:29:13-51
214            android:required="false" />
214-->[androidx.window:window:1.0.0] AndroidManifest.xml:30:13-37
215
216        <meta-data
216-->[com.google.android.gms:play-services-basement:18.1.0] AndroidManifest.xml:21:9-23:69
217            android:name="com.google.android.gms.version"
217-->[com.google.android.gms:play-services-basement:18.1.0] AndroidManifest.xml:22:13-58
218            android:value="@integer/google_play_services_version" />
218-->[com.google.android.gms:play-services-basement:18.1.0] AndroidManifest.xml:23:13-66
219
220        <provider
220-->[androidx.emoji2:emoji2:1.2.0] AndroidManifest.xml:24:9-32:20
221            android:name="androidx.startup.InitializationProvider"
221-->[androidx.emoji2:emoji2:1.2.0] AndroidManifest.xml:25:13-67
222            android:authorities="com.example.barbershopmanagementapp.androidx-startup"
222-->[androidx.emoji2:emoji2:1.2.0] AndroidManifest.xml:26:13-68
223            android:exported="false" >
223-->[androidx.emoji2:emoji2:1.2.0] AndroidManifest.xml:27:13-37
224            <meta-data
224-->[androidx.emoji2:emoji2:1.2.0] AndroidManifest.xml:29:13-31:52
225                android:name="androidx.emoji2.text.EmojiCompatInitializer"
225-->[androidx.emoji2:emoji2:1.2.0] AndroidManifest.xml:30:17-75
226                android:value="androidx.startup" />
226-->[androidx.emoji2:emoji2:1.2.0] AndroidManifest.xml:31:17-49
227            <meta-data
227-->[androidx.lifecycle:lifecycle-process:2.4.1] AndroidManifest.xml:31:13-33:52
228                android:name="androidx.lifecycle.ProcessLifecycleInitializer"
228-->[androidx.lifecycle:lifecycle-process:2.4.1] AndroidManifest.xml:32:17-78
229                android:value="androidx.startup" />
229-->[androidx.lifecycle:lifecycle-process:2.4.1] AndroidManifest.xml:33:17-49
230        </provider>
231    </application>
232
233</manifest>